2025-12-16 18:46:32 - feat: integrate logging and error handling
2025-12-16 17:14:32 - refactor: optimize data loading performance
2025-12-16 17:03:32 - chore: update requirements.txt
2025-12-16 21:50:32 - feat: add data visualization layer
2025-12-16 18:38:32 - refactor: optimize data loading performance
2025-12-17 12:49:32 - feat: add data visualization layer
2025-12-17 13:20:32 - test: add unit tests for model validation
2025-12-17 12:45:32 - feat: integrate logging and error handling
2025-12-17 14:02:32 - docs: document API endpoints
2025-12-17 20:50:32 - refactor: optimize data loading performance
2025-12-20 11:41:32 - chore: update requirements.txt
2025-12-20 19:54:32 - docs: document API endpoints
2025-12-20 21:09:32 - refactor: optimize data loading performance
2025-12-20 10:36:32 - fix: resolve dependency conflicts
2025-12-20 21:37:32 - test: add unit tests for model validation
2025-12-21 15:59:32 - test: add unit tests for model validation
2025-12-21 09:52:32 - test: add unit tests for model validation
2025-12-21 11:46:32 - feat: integrate logging and error handling
2025-12-27 12:25:32 - docs: add comprehensive README
2025-12-27 22:00:32 - feat: implement model evaluation metrics
2025-12-27 18:44:32 - feat: implement core logic
2025-12-27 11:27:32 - chore: update requirements.txt
2025-12-27 21:22:32 - test: add unit tests for model validation
2026-01-11 11:29:32 - chore: update requirements.txt
2026-01-13 10:39:32 - refactor: optimize data loading performance
2026-01-13 17:58:32 - feat: implement model evaluation metrics
2026-01-13 10:33:32 - feat: integrate logging and error handling
2026-01-13 20:55:32 - feat: implement core logic
2026-01-16 20:49:32 - refactor: optimize data loading performance
2026-01-16 11:35:32 - feat: implement model evaluation metrics
2026-01-16 18:16:32 - feat: add data visualization layer
2026-01-16 17:14:32 - test: add unit tests for model validation
2026-01-16 12:24:32 - docs: add comprehensive README
2026-01-20 11:25:32 - feat: add data visualization layer
2026-01-20 14:41:32 - feat: implement model evaluation metrics
2026-01-20 08:10:32 - docs: add comprehensive README
2026-01-21 13:21:32 - feat: implement model evaluation metrics
2026-01-21 18:13:32 - test: add unit tests for model validation
2026-01-21 14:26:32 - docs: document API endpoints
2026-01-21 13:18:32 - refactor: optimize data loading performance
2026-01-21 17:06:32 - test: add unit tests for model validation
2026-01-22 13:48:32 - fix: resolve dependency conflicts
2026-01-22 08:28:32 - refactor: optimize data loading performance
2026-01-22 22:41:32 - test: add unit tests for model validation
2026-01-23 13:15:32 - chore: update requirements.txt
2026-01-23 09:08:32 - test: add unit tests for model validation
2026-01-26 09:45:32 - feat: implement model evaluation metrics
2026-01-26 11:29:32 - test: add unit tests for model validation
2026-01-26 13:37:32 - docs: add comprehensive README
2026-01-29 10:59:32 - feat: integrate logging and error handling
2026-01-29 10:33:32 - refactor: optimize data loading performance
2026-01-29 12:15:32 - refactor: optimize data loading performance
2026-02-04 14:56:32 - test: add unit tests for model validation
2026-02-05 21:29:32 - refactor: optimize data loading performance
2026-02-10 19:58:32 - feat: implement core logic
2026-02-10 15:01:32 - test: add unit tests for model validation
2026-02-10 08:48:32 - feat: integrate logging and error handling
2026-02-10 10:33:32 - feat: implement model evaluation metrics
2026-02-10 12:44:32 - feat: implement model evaluation metrics
2026-02-12 22:05:32 - docs: add comprehensive README
2026-02-12 21:48:32 - feat: implement model evaluation metrics
2026-02-12 11:04:32 - fix: resolve dependency conflicts
2026-02-24 15:19:32 - feat: integrate logging and error handling
2026-02-24 18:32:32 - chore: update requirements.txt
2026-02-24 14:11:32 - feat: integrate logging and error handling
2026-02-24 11:29:32 - feat: integrate logging and error handling
2026-02-24 21:20:32 - chore: update requirements.txt
2026-02-26 14:24:32 - feat: implement model evaluation metrics
2026-02-28 20:44:32 - test: add unit tests for model validation
2026-02-28 13:15:32 - refactor: optimize data loading performance
2026-02-28 13:58:32 - feat: add data visualization layer
2026-02-28 09:56:32 - test: add unit tests for model validation
2026-02-28 14:57:32 - feat: add data visualization layer
2026-03-02 18:23:32 - refactor: optimize data loading performance
2026-03-02 18:22:32 - test: add unit tests for model validation
2026-03-02 22:06:32 - feat: integrate logging and error handling
2026-03-02 21:42:32 - feat: integrate logging and error handling
2026-03-04 08:11:32 - chore: update requirements.txt
2026-03-04 17:00:32 - refactor: optimize data loading performance
2026-03-04 22:20:32 - docs: add comprehensive README
2026-03-04 17:50:32 - docs: add comprehensive README
2026-03-09 17:16:32 - feat: implement core logic
2026-03-09 13:54:32 - feat: implement core logic
2026-03-09 11:22:32 - chore: update requirements.txt
2026-03-09 11:34:32 - feat: integrate logging and error handling
2026-03-09 09:41:32 - feat: add data visualization layer
2026-03-12 21:29:32 - fix: resolve dependency conflicts
2026-03-12 17:09:32 - docs: document API endpoints
2026-03-12 10:05:32 - feat: implement core logic
2026-03-12 14:11:32 - feat: implement model evaluation metrics
2026-03-13 12:39:32 - feat: add data visualization layer
2026-03-13 17:14:32 - feat: implement model evaluation metrics
2026-03-13 18:04:32 - chore: update requirements.txt
